[0.757s] Invoking command in '/home/abdelrhman/rov/colcon_ws/src/rov_24': PYTHONPATH=/home/abdelrhman/rov/colcon_ws/build/rov_24/prefix_override:/home/abdelrhman/rov/colcon_ws/install/rov_24/lib/python3.8/site-packages:${PYTHONPATH} /usr/bin/python3 setup.py egg_info --egg-base ../../build/rov_24 build --build-base /home/abdelrhman/rov/colcon_ws/build/rov_24/build install --record /home/abdelrhman/rov/colcon_ws/build/rov_24/install.log --single-version-externally-managed
[1.002s] running egg_info
[1.003s] writing ../../build/rov_24/rov_24.egg-info/PKG-INFO
[1.003s] writing dependency_links to ../../build/rov_24/rov_24.egg-info/dependency_links.txt
[1.004s] writing entry points to ../../build/rov_24/rov_24.egg-info/entry_points.txt
[1.004s] writing requirements to ../../build/rov_24/rov_24.egg-info/requires.txt
[1.005s] writing top-level names to ../../build/rov_24/rov_24.egg-info/top_level.txt
[1.055s] reading manifest file '../../build/rov_24/rov_24.egg-info/SOURCES.txt'
[1.056s] writing manifest file '../../build/rov_24/rov_24.egg-info/SOURCES.txt'
[1.056s] running build
[1.056s] running build_py
[1.057s] copying rov_24/movement_feedback.py -> /home/abdelrhman/rov/colcon_ws/build/rov_24/build/lib/rov_24
[1.058s] running install
[1.059s] running install_lib
[1.061s] copying /home/abdelrhman/rov/colcon_ws/build/rov_24/build/lib/rov_24/movement_feedback.py -> /home/abdelrhman/rov/colcon_ws/install/rov_24/lib/python3.8/site-packages/rov_24
[1.062s] byte-compiling /home/abdelrhman/rov/colcon_ws/install/rov_24/lib/python3.8/site-packages/rov_24/movement_feedback.py to movement_feedback.cpython-38.pyc
[1.066s] running install_data
[1.067s] running install_egg_info
[1.068s] removing '/home/abdelrhman/rov/colcon_ws/install/rov_24/lib/python3.8/site-packages/rov_24-0.0.0-py3.8.egg-info' (and everything under it)
[1.069s] Copying ../../build/rov_24/rov_24.egg-info to /home/abdelrhman/rov/colcon_ws/install/rov_24/lib/python3.8/site-packages/rov_24-0.0.0-py3.8.egg-info
[1.070s] running install_scripts
[1.086s] Installing auto script to /home/abdelrhman/rov/colcon_ws/install/rov_24/lib/rov_24
[1.086s] Installing bridge script to /home/abdelrhman/rov/colcon_ws/install/rov_24/lib/rov_24
[1.086s] Installing gui script to /home/abdelrhman/rov/colcon_ws/install/rov_24/lib/rov_24
[1.087s] Installing joystick script to /home/abdelrhman/rov/colcon_ws/install/rov_24/lib/rov_24
[1.087s] Installing motion_control script to /home/abdelrhman/rov/colcon_ws/install/rov_24/lib/rov_24
[1.087s] Installing movement_feedback script to /home/abdelrhman/rov/colcon_ws/install/rov_24/lib/rov_24
[1.088s] writing list of installed files to '/home/abdelrhman/rov/colcon_ws/build/rov_24/install.log'
[1.111s] Invoked command in '/home/abdelrhman/rov/colcon_ws/src/rov_24' returned '0': PYTHONPATH=/home/abdelrhman/rov/colcon_ws/build/rov_24/prefix_override:/home/abdelrhman/rov/colcon_ws/install/rov_24/lib/python3.8/site-packages:${PYTHONPATH} /usr/bin/python3 setup.py egg_info --egg-base ../../build/rov_24 build --build-base /home/abdelrhman/rov/colcon_ws/build/rov_24/build install --record /home/abdelrhman/rov/colcon_ws/build/rov_24/install.log --single-version-externally-managed
