[0.763s] Invoking command in '/home/abdelrhman/rov/colcon_ws/src/rov_24': PYTHONPATH=/home/abdelrhman/rov/colcon_ws/build/rov_24/prefix_override:/home/abdelrhman/rov/colcon_ws/install/rov_24/lib/python3.8/site-packages:${PYTHONPATH} /usr/bin/python3 setup.py egg_info --egg-base ../../build/rov_24 build --build-base /home/abdelrhman/rov/colcon_ws/build/rov_24/build install --record /home/abdelrhman/rov/colcon_ws/build/rov_24/install.log --single-version-externally-managed
[1.008s] running egg_info
[1.008s] writing ../../build/rov_24/rov_24.egg-info/PKG-INFO
[1.009s] writing dependency_links to ../../build/rov_24/rov_24.egg-info/dependency_links.txt
[1.009s] writing entry points to ../../build/rov_24/rov_24.egg-info/entry_points.txt
[1.009s] writing requirements to ../../build/rov_24/rov_24.egg-info/requires.txt
[1.009s] writing top-level names to ../../build/rov_24/rov_24.egg-info/top_level.txt
[1.044s] reading manifest file '../../build/rov_24/rov_24.egg-info/SOURCES.txt'
[1.045s] writing manifest file '../../build/rov_24/rov_24.egg-info/SOURCES.txt'
[1.045s] running build
[1.045s] running build_py
[1.046s] copying rov_24/movement_feedback.py -> /home/abdelrhman/rov/colcon_ws/build/rov_24/build/lib/rov_24
[1.047s] running install
[1.048s] running install_lib
[1.049s] copying /home/abdelrhman/rov/colcon_ws/build/rov_24/build/lib/rov_24/movement_feedback.py -> /home/abdelrhman/rov/colcon_ws/install/rov_24/lib/python3.8/site-packages/rov_24
[1.050s] byte-compiling /home/abdelrhman/rov/colcon_ws/install/rov_24/lib/python3.8/site-packages/rov_24/movement_feedback.py to movement_feedback.cpython-38.pyc
[1.055s] running install_data
[1.055s] running install_egg_info
[1.057s] removing '/home/abdelrhman/rov/colcon_ws/install/rov_24/lib/python3.8/site-packages/rov_24-0.0.0-py3.8.egg-info' (and everything under it)
[1.057s] Copying ../../build/rov_24/rov_24.egg-info to /home/abdelrhman/rov/colcon_ws/install/rov_24/lib/python3.8/site-packages/rov_24-0.0.0-py3.8.egg-info
[1.058s] running install_scripts
[1.075s] Installing auto script to /home/abdelrhman/rov/colcon_ws/install/rov_24/lib/rov_24
[1.076s] Installing bridge script to /home/abdelrhman/rov/colcon_ws/install/rov_24/lib/rov_24
[1.076s] Installing gui script to /home/abdelrhman/rov/colcon_ws/install/rov_24/lib/rov_24
[1.076s] Installing joystick script to /home/abdelrhman/rov/colcon_ws/install/rov_24/lib/rov_24
[1.076s] Installing motion_control script to /home/abdelrhman/rov/colcon_ws/install/rov_24/lib/rov_24
[1.076s] Installing movement_feedback script to /home/abdelrhman/rov/colcon_ws/install/rov_24/lib/rov_24
[1.077s] writing list of installed files to '/home/abdelrhman/rov/colcon_ws/build/rov_24/install.log'
[1.099s] Invoked command in '/home/abdelrhman/rov/colcon_ws/src/rov_24' returned '0': PYTHONPATH=/home/abdelrhman/rov/colcon_ws/build/rov_24/prefix_override:/home/abdelrhman/rov/colcon_ws/install/rov_24/lib/python3.8/site-packages:${PYTHONPATH} /usr/bin/python3 setup.py egg_info --egg-base ../../build/rov_24 build --build-base /home/abdelrhman/rov/colcon_ws/build/rov_24/build install --record /home/abdelrhman/rov/colcon_ws/build/rov_24/install.log --single-version-externally-managed
