running egg_info
writing ../../build/rov_24/rov_24.egg-info/PKG-INFO
writing dependency_links to ../../build/rov_24/rov_24.egg-info/dependency_links.txt
writing entry points to ../../build/rov_24/rov_24.egg-info/entry_points.txt
writing requirements to ../../build/rov_24/rov_24.egg-info/requires.txt
writing top-level names to ../../build/rov_24/rov_24.egg-info/top_level.txt
reading manifest file '../../build/rov_24/rov_24.egg-info/SOURCES.txt'
writing manifest file '../../build/rov_24/rov_24.egg-info/SOURCES.txt'
running build
running build_py
copying rov_24/movement_feedback.py -> /home/abdelrhman/rov/colcon_ws/build/rov_24/build/lib/rov_24
running install
running install_lib
copying /home/abdelrhman/rov/colcon_ws/build/rov_24/build/lib/rov_24/movement_feedback.py -> /home/abdelrhman/rov/colcon_ws/install/rov_24/lib/python3.8/site-packages/rov_24
byte-compiling /home/abdelrhman/rov/colcon_ws/install/rov_24/lib/python3.8/site-packages/rov_24/movement_feedback.py to movement_feedback.cpython-38.pyc
/home/abdelrhman/rov/colcon_ws/install/rov_24/lib/python3.8/site-packages/rov_24/movement_feedback.py:486: SyntaxWarning: 'int' object is not callable; perhaps you missed a comma?
  (-1)(self.PARAM.thruster_max + self.PARAM.thruster_min) / 2,
running install_data
running install_egg_info
removing '/home/abdelrhman/rov/colcon_ws/install/rov_24/lib/python3.8/site-packages/rov_24-0.0.0-py3.8.egg-info' (and everything under it)
Copying ../../build/rov_24/rov_24.egg-info to /home/abdelrhman/rov/colcon_ws/install/rov_24/lib/python3.8/site-packages/rov_24-0.0.0-py3.8.egg-info
running install_scripts
Installing auto script to /home/abdelrhman/rov/colcon_ws/install/rov_24/lib/rov_24
Installing bridge script to /home/abdelrhman/rov/colcon_ws/install/rov_24/lib/rov_24
Installing gui script to /home/abdelrhman/rov/colcon_ws/install/rov_24/lib/rov_24
Installing joystick script to /home/abdelrhman/rov/colcon_ws/install/rov_24/lib/rov_24
Installing motion_control script to /home/abdelrhman/rov/colcon_ws/install/rov_24/lib/rov_24
Installing movement_feedback script to /home/abdelrhman/rov/colcon_ws/install/rov_24/lib/rov_24
writing list of installed files to '/home/abdelrhman/rov/colcon_ws/build/rov_24/install.log'
