[0.526s] Invoking command in '/home/mahmoud/rov/colcon_ws/src/rov_24': PYTHONPATH=/home/mahmoud/rov/colcon_ws/build/rov_24/prefix_override:/home/mahmoud/rov/colcon_ws/install/rov_24/lib/python3.8/site-packages:${PYTHONPATH} /usr/bin/python3 -W ignore:setup.py install is deprecated setup.py egg_info --egg-base ../../build/rov_24 build --build-base /home/mahmoud/rov/colcon_ws/build/rov_24/build install --record /home/mahmoud/rov/colcon_ws/build/rov_24/install.log --single-version-externally-managed install_data
[0.685s] running egg_info
[0.685s] writing ../../build/rov_24/rov_24.egg-info/PKG-INFO
[0.685s] writing dependency_links to ../../build/rov_24/rov_24.egg-info/dependency_links.txt
[0.685s] writing entry points to ../../build/rov_24/rov_24.egg-info/entry_points.txt
[0.685s] writing requirements to ../../build/rov_24/rov_24.egg-info/requires.txt
[0.685s] writing top-level names to ../../build/rov_24/rov_24.egg-info/top_level.txt
[0.707s] reading manifest file '../../build/rov_24/rov_24.egg-info/SOURCES.txt'
[0.708s] writing manifest file '../../build/rov_24/rov_24.egg-info/SOURCES.txt'
[0.708s] running build
[0.708s] running build_py
[0.709s] running install
[0.709s] running install_lib
[0.711s] running install_data
[0.711s] running install_egg_info
[0.712s] removing '/home/mahmoud/rov/colcon_ws/install/rov_24/lib/python3.8/site-packages/rov_24-0.0.0-py3.8.egg-info' (and everything under it)
[0.712s] Copying ../../build/rov_24/rov_24.egg-info to /home/mahmoud/rov/colcon_ws/install/rov_24/lib/python3.8/site-packages/rov_24-0.0.0-py3.8.egg-info
[0.713s] running install_scripts
[0.724s] Installing auto script to /home/mahmoud/rov/colcon_ws/install/rov_24/lib/rov_24
[0.724s] Installing bridge script to /home/mahmoud/rov/colcon_ws/install/rov_24/lib/rov_24
[0.724s] Installing gui script to /home/mahmoud/rov/colcon_ws/install/rov_24/lib/rov_24
[0.724s] Installing joystick script to /home/mahmoud/rov/colcon_ws/install/rov_24/lib/rov_24
[0.724s] Installing motion_control script to /home/mahmoud/rov/colcon_ws/install/rov_24/lib/rov_24
[0.724s] Installing movement_feedback script to /home/mahmoud/rov/colcon_ws/install/rov_24/lib/rov_24
[0.724s] writing list of installed files to '/home/mahmoud/rov/colcon_ws/build/rov_24/install.log'
[0.743s] Invoked command in '/home/mahmoud/rov/colcon_ws/src/rov_24' returned '0': PYTHONPATH=/home/mahmoud/rov/colcon_ws/build/rov_24/prefix_override:/home/mahmoud/rov/colcon_ws/install/rov_24/lib/python3.8/site-packages:${PYTHONPATH} /usr/bin/python3 -W ignore:setup.py install is deprecated setup.py egg_info --egg-base ../../build/rov_24 build --build-base /home/mahmoud/rov/colcon_ws/build/rov_24/build install --record /home/mahmoud/rov/colcon_ws/build/rov_24/install.log --single-version-externally-managed install_data
