[0.523s] Invoking command in '/home/mahmoud/rov/colcon_ws/src/rov_24': PS1=(venv) \[\e]0;\u@\h: \w\a\]${debian_chroot:+($debian_chroot)}\[\033[01;32m\]\u@\h\[\033[00m\]:\[\033[01;34m\]\w\[\033[00m\]\$ PYTHONPATH=/home/mahmoud/rov/colcon_ws/build/rov_24/prefix_override:/home/mahmoud/rov/colcon_ws/install/rov_24/lib/python3.8/site-packages:${PYTHONPATH} /usr/bin/python3 -W ignore:setup.py install is deprecated setup.py egg_info --egg-base ../../build/rov_24 build --build-base /home/mahmoud/rov/colcon_ws/build/rov_24/build install --record /home/mahmoud/rov/colcon_ws/build/rov_24/install.log --single-version-externally-managed install_data
[0.691s] running egg_info
[0.691s] writing ../../build/rov_24/rov_24.egg-info/PKG-INFO
[0.691s] writing dependency_links to ../../build/rov_24/rov_24.egg-info/dependency_links.txt
[0.691s] writing entry points to ../../build/rov_24/rov_24.egg-info/entry_points.txt
[0.691s] writing requirements to ../../build/rov_24/rov_24.egg-info/requires.txt
[0.691s] writing top-level names to ../../build/rov_24/rov_24.egg-info/top_level.txt
[0.714s] reading manifest file '../../build/rov_24/rov_24.egg-info/SOURCES.txt'
[0.714s] writing manifest file '../../build/rov_24/rov_24.egg-info/SOURCES.txt'
[0.714s] running build
[0.714s] running build_py
[0.715s] running install
[0.715s] running install_lib
[0.717s] running install_data
[0.717s] running install_egg_info
[0.718s] removing '/home/mahmoud/rov/colcon_ws/install/rov_24/lib/python3.8/site-packages/rov_24-0.0.0-py3.8.egg-info' (and everything under it)
[0.718s] Copying ../../build/rov_24/rov_24.egg-info to /home/mahmoud/rov/colcon_ws/install/rov_24/lib/python3.8/site-packages/rov_24-0.0.0-py3.8.egg-info
[0.718s] running install_scripts
[0.728s] Installing auto script to /home/mahmoud/rov/colcon_ws/install/rov_24/lib/rov_24
[0.728s] Installing bridge script to /home/mahmoud/rov/colcon_ws/install/rov_24/lib/rov_24
[0.728s] Installing gui script to /home/mahmoud/rov/colcon_ws/install/rov_24/lib/rov_24
[0.728s] Installing joystick script to /home/mahmoud/rov/colcon_ws/install/rov_24/lib/rov_24
[0.728s] Installing motion_control script to /home/mahmoud/rov/colcon_ws/install/rov_24/lib/rov_24
[0.729s] Installing movement_feedback script to /home/mahmoud/rov/colcon_ws/install/rov_24/lib/rov_24
[0.729s] writing list of installed files to '/home/mahmoud/rov/colcon_ws/build/rov_24/install.log'
[0.742s] Invoked command in '/home/mahmoud/rov/colcon_ws/src/rov_24' returned '0': PS1=(venv) \[\e]0;\u@\h: \w\a\]${debian_chroot:+($debian_chroot)}\[\033[01;32m\]\u@\h\[\033[00m\]:\[\033[01;34m\]\w\[\033[00m\]\$ PYTHONPATH=/home/mahmoud/rov/colcon_ws/build/rov_24/prefix_override:/home/mahmoud/rov/colcon_ws/install/rov_24/lib/python3.8/site-packages:${PYTHONPATH} /usr/bin/python3 -W ignore:setup.py install is deprecated setup.py egg_info --egg-base ../../build/rov_24 build --build-base /home/mahmoud/rov/colcon_ws/build/rov_24/build install --record /home/mahmoud/rov/colcon_ws/build/rov_24/install.log --single-version-externally-managed install_data
